<?xml version="1.0" encoding="UTF-8"?>
<testsuites name="Add Receipt of ATM" time="192" tests="2" failures="0" errors="0">
   <testsuite name="Add Receipt of ATM" tests="2" failures="0" errors="0" time="192" timestamp="2019-06-27 12:50:32" hostname="Himangi - WD01-QAHimangi" id="Test Suites/Add Receipt of ATM">
      <properties>
         <property name="deviceName" value=""/>
         <property name="devicePlatform" value=""/>
         <property name="logFolder" value="C:\\Users\\Himangi\\git\\thethreadtheory\\Reports\\Add Receipt of ATM\\20190627_125030"/>
         <property name="logFiles" value="C:\\Users\\Himangi\\git\\thethreadtheory\\Reports\\Add Receipt of ATM\\20190627_125030\\execution0.log"/>
         <property name="attachments" value=""/>
         <property name="hostName" value="Himangi - WD01-QAHimangi"/>
         <property name="os" value="Windows 10 64bit"/>
         <property name="katalonVersion" value="6.1.0.1"/>
         <property name="browser" value="Chrome 75.0.3770.100"/>
         <property name="hostAddress" value="192.168.5.123"/>
         <property name="sessionId" value="d6bd245809edb1876bfdef53d55e877e"/>
         <property name="seleniumVersion" value="3.7.1"/>
         <property name="proxyInformation" value="ProxyInformation{proxyOption=NO_PROXY, proxyServerType=HTTP, password=, proxyServerAddress=, proxyServerPort=0}"/>
         <property name="platform" value="Windows 10"/>
      </properties>
      <testcase name="Test Cases/Login" classname="Test Cases/Login" status="PASSED">
         <system-out><![CDATA[2019-06-27 12:50:32 - [TEST_CASE][PASSED] - Test Cases/Login: Test Cases/Login

2019-06-27 12:50:32 - [TEST_STEP][PASSED] - openBrowser(toString()): Browser is opened with url: 'Script1560161297669@5d8bafa9'

2019-06-27 12:50:32 - [MESSAGE][INFO] - Starting 'Chrome' driver

2019-06-27 12:50:32 - [MESSAGE][INFO] - Action delay is set to 0 seconds

2019-06-27 12:50:38 - [MESSAGE][PASSED] - Browser is opened with url: 'Script1560161297669@5d8bafa9'

2019-06-27 12:50:38 - [TEST_STEP][PASSED] - navigateToUrl("http://18.138.12.239/"): Navigate to 'http://18.138.12.239/' successfully

2019-06-27 12:50:50 - [MESSAGE][PASSED] - Navigate to 'http://18.138.12.239/' successfully

2019-06-27 12:50:50 - [TEST_STEP][PASSED] - maximizeWindow(): Current window maximized

2019-06-27 12:50:51 - [MESSAGE][PASSED] - Current window maximized

2019-06-27 12:50:51 - [TEST_STEP][PASSED] - delay(10): Delayed 10 second(s)

2019-06-27 12:51:01 - [MESSAGE][PASSED] - Delayed 10 second(s)

2019-06-27 12:51:01 - [TEST_STEP][PASSED] - check(findTestObject("Object Repository/add to cart/Page_Welcome to The Thread Theory  The Thread Theory/span_concat(Don  t show this popup again)_check")): Object 'Object Repository/add to cart/Page_Welcome to The Thread Theory  The Thread Theory/span_concat(Don  t show this popup again)_check' is checked

2019-06-27 12:51:01 - [MESSAGE][PASSED] - Object 'Object Repository/add to cart/Page_Welcome to The Thread Theory  The Thread Theory/span_concat(Don  t show this popup again)_check' is checked

2019-06-27 12:51:01 - [TEST_STEP][PASSED] - click(findTestObject("Object Repository/add to cart/Page_Welcome to The Thread Theory  The Thread Theory/button_Close")): Object: 'Object Repository/add to cart/Page_Welcome to The Thread Theory  The Thread Theory/button_Close' is clicked on

2019-06-27 12:51:02 - [MESSAGE][PASSED] - Object: 'Object Repository/add to cart/Page_Welcome to The Thread Theory  The Thread Theory/button_Close' is clicked on

2019-06-27 12:51:02 - [TEST_STEP][PASSED] - delay(10): Delayed 10 second(s)

2019-06-27 12:51:12 - [MESSAGE][PASSED] - Delayed 10 second(s)

2019-06-27 12:51:12 - [TEST_STEP][PASSED] - click(findTestObject("Object Repository/add to cart/Page_Welcome to The Thread Theory  The Thread Theory/span_Start shopping now _login-icon")): Object: 'Object Repository/add to cart/Page_Welcome to The Thread Theory  The Thread Theory/span_Start shopping now _login-icon' is clicked on

2019-06-27 12:51:12 - [MESSAGE][PASSED] - Object: 'Object Repository/add to cart/Page_Welcome to The Thread Theory  The Thread Theory/span_Start shopping now _login-icon' is clicked on

2019-06-27 12:51:12 - [TEST_STEP][PASSED] - click(findTestObject("Object Repository/add to cart/Page_Welcome to The Thread Theory  The Thread Theory/a_Sign In")): Object: 'Object Repository/add to cart/Page_Welcome to The Thread Theory  The Thread Theory/a_Sign In' is clicked on

2019-06-27 12:51:18 - [MESSAGE][PASSED] - Object: 'Object Repository/add to cart/Page_Welcome to The Thread Theory  The Thread Theory/a_Sign In' is clicked on

2019-06-27 12:51:18 - [TEST_STEP][PASSED] - setText(findTestObject("Object Repository/add to cart/Page_Sign In/input_Sign In_loginusername"), "himangi.tankha@ranosys.com"): Text 'himangi.tankha@ranosys.com' is set on object 'Object Repository/add to cart/Page_Sign In/input_Sign In_loginusername'

2019-06-27 12:51:19 - [MESSAGE][PASSED] - Text 'himangi.tankha@ranosys.com' is set on object 'Object Repository/add to cart/Page_Sign In/input_Sign In_loginusername'

2019-06-27 12:51:19 - [TEST_STEP][PASSED] - setEncryptedText(findTestObject("Object Repository/add to cart/Page_Sign In/input_Sign In_loginpassword"), "8SQVv/p9jVTHLrggi8kCzw=="): Text ****** has been set on object 'Object Repository/add to cart/Page_Sign In/input_Sign In_loginpassword'

2019-06-27 12:51:19 - [MESSAGE][PASSED] - Text ****** has been set on object 'Object Repository/add to cart/Page_Sign In/input_Sign In_loginpassword'

2019-06-27 12:51:19 - [TEST_STEP][PASSED] - delay(5): Delayed 5 second(s)

2019-06-27 12:51:24 - [MESSAGE][PASSED] - Delayed 5 second(s)

2019-06-27 12:51:24 - [TEST_STEP][PASSED] - click(findTestObject("Object Repository/add to cart/Page_Sign In/button_Sign In")): Object: 'Object Repository/add to cart/Page_Sign In/button_Sign In' is clicked on

2019-06-27 12:51:35 - [MESSAGE][PASSED] - Object: 'Object Repository/add to cart/Page_Sign In/button_Sign In' is clicked on

2019-06-27 12:51:35 - [TEST_STEP][PASSED] - delay(10): Delayed 10 second(s)

2019-06-27 12:51:45 - [MESSAGE][PASSED] - Delayed 10 second(s)]]></system-out>
         <system-err><![CDATA[]]></system-err>
      </testcase>
      <testcase name="Test Cases/Add Receipt ATM" classname="Test Cases/Add Receipt ATM" status="PASSED">
         <system-out><![CDATA[2019-06-27 12:51:45 - [TEST_CASE][PASSED] - Test Cases/Add Receipt ATM: Test Cases/Add Receipt ATM

2019-06-27 12:51:46 - [TEST_STEP][PASSED] - click(findTestObject("My Order/Page_My Orders/img")): Object: 'Object Repository/My Order/Page_My Orders/img' is clicked on

2019-06-27 12:51:52 - [MESSAGE][PASSED] - Object: 'Object Repository/My Order/Page_My Orders/img' is clicked on

2019-06-27 12:51:52 - [TEST_STEP][PASSED] - delay(10): Delayed 10 second(s)

2019-06-27 12:52:02 - [MESSAGE][PASSED] - Delayed 10 second(s)

2019-06-27 12:52:02 - [TEST_STEP][PASSED] - click(findTestObject("Add Receipt/Page_Welcome to The Thread Theory  The Thread Theory/span_Start shopping now _login-b-icon")): Object: 'Object Repository/Add Receipt/Page_Welcome to The Thread Theory  The Thread Theory/span_Start shopping now _login-b-icon' is clicked on

2019-06-27 12:52:02 - [MESSAGE][PASSED] - Object: 'Object Repository/Add Receipt/Page_Welcome to The Thread Theory  The Thread Theory/span_Start shopping now _login-b-icon' is clicked on

2019-06-27 12:52:02 - [TEST_STEP][PASSED] - click(findTestObject("Add Receipt/Page_Welcome to The Thread Theory  The Thread Theory/li_My Orders")): Object: 'Object Repository/Add Receipt/Page_Welcome to The Thread Theory  The Thread Theory/li_My Orders' is clicked on

2019-06-27 12:52:10 - [MESSAGE][PASSED] - Object: 'Object Repository/Add Receipt/Page_Welcome to The Thread Theory  The Thread Theory/li_My Orders' is clicked on

2019-06-27 12:52:10 - [TEST_STEP][PASSED] - delay(5): Delayed 5 second(s)

2019-06-27 12:52:15 - [MESSAGE][PASSED] - Delayed 5 second(s)

2019-06-27 12:52:15 - [TEST_STEP][PASSED] - click(findTestObject("Add Receipt/Page_My Orders/span_View Order")): Object: 'Object Repository/Add Receipt/Page_My Orders/span_View Order' is clicked on

2019-06-27 12:52:22 - [MESSAGE][PASSED] - Object: 'Object Repository/Add Receipt/Page_My Orders/span_View Order' is clicked on

2019-06-27 12:52:22 - [TEST_STEP][PASSED] - delay(5): Delayed 5 second(s)

2019-06-27 12:52:27 - [MESSAGE][PASSED] - Delayed 5 second(s)

2019-06-27 12:52:27 - [TEST_STEP][PASSED] - click(findTestObject("Add Receipt/Page_Order  000000052/span_Add Receipt")): Object: 'Object Repository/Add Receipt/Page_Order  000000052/span_Add Receipt' is clicked on

2019-06-27 12:52:34 - [MESSAGE][PASSED] - Object: 'Object Repository/Add Receipt/Page_Order  000000052/span_Add Receipt' is clicked on

2019-06-27 12:52:34 - [TEST_STEP][PASSED] - delay(5): Delayed 5 second(s)

2019-06-27 12:52:39 - [MESSAGE][PASSED] - Delayed 5 second(s)

2019-06-27 12:52:39 - [TEST_STEP][PASSED] - click(findTestObject("Add Receipt/Page_Payment Receipt/input__tran_datetime")): Object: 'Object Repository/Add Receipt/Page_Payment Receipt/input__tran_datetime' is clicked on

2019-06-27 12:52:39 - [MESSAGE][PASSED] - Object: 'Object Repository/Add Receipt/Page_Payment Receipt/input__tran_datetime' is clicked on

2019-06-27 12:52:39 - [TEST_STEP][PASSED] - doubleClick(findTestObject("Add Receipt/Page_Payment Receipt/span_Prev")): Object: 'Object Repository/Add Receipt/Page_Payment Receipt/span_Prev' is double clicked on

2019-06-27 12:52:39 - [MESSAGE][PASSED] - Object: 'Object Repository/Add Receipt/Page_Payment Receipt/span_Prev' is double clicked on

2019-06-27 12:52:39 - [TEST_STEP][PASSED] - delay(5): Delayed 5 second(s)

2019-06-27 12:52:44 - [MESSAGE][PASSED] - Delayed 5 second(s)

2019-06-27 12:52:44 - [TEST_STEP][PASSED] - click(findTestObject("Add Receipt/Page_Payment Receipt/a_17")): Object: 'Object Repository/Add Receipt/Page_Payment Receipt/a_17' is clicked on

2019-06-27 12:52:44 - [MESSAGE][PASSED] - Object: 'Object Repository/Add Receipt/Page_Payment Receipt/a_17' is clicked on

2019-06-27 12:52:44 - [TEST_STEP][PASSED] - delay(5): Delayed 5 second(s)

2019-06-27 12:52:49 - [MESSAGE][PASSED] - Delayed 5 second(s)

2019-06-27 12:52:49 - [TEST_STEP][PASSED] - click(findTestObject("Add Receipt/Page_Payment Receipt/button_Now")): Object: 'Object Repository/Add Receipt/Page_Payment Receipt/button_Now' is clicked on

2019-06-27 12:52:49 - [MESSAGE][PASSED] - Object: 'Object Repository/Add Receipt/Page_Payment Receipt/button_Now' is clicked on

2019-06-27 12:52:49 - [TEST_STEP][PASSED] - click(findTestObject("Add Receipt/Page_Payment Receipt/button_Done")): Object: 'Object Repository/Add Receipt/Page_Payment Receipt/button_Done' is clicked on

2019-06-27 12:52:49 - [MESSAGE][PASSED] - Object: 'Object Repository/Add Receipt/Page_Payment Receipt/button_Done' is clicked on

2019-06-27 12:52:49 - [TEST_STEP][PASSED] - setText(findTestObject("Add Receipt/Page_Payment Receipt/input__reference_no"), "254178"): Text '254178' is set on object 'Object Repository/Add Receipt/Page_Payment Receipt/input__reference_no'

2019-06-27 12:52:50 - [MESSAGE][PASSED] - Text '254178' is set on object 'Object Repository/Add Receipt/Page_Payment Receipt/input__reference_no'

2019-06-27 12:52:50 - [TEST_STEP][NOT_RUN] - setText(findTestObject("Add Receipt/Page_Payment Receipt/input__initials"), "Himangi"): NOT_RUN: setText(findTestObject("Add Receipt/Page_Payment Receipt/input__initials"), "Himangi")

2019-06-27 12:52:50 - [MESSAGE][NOT_RUN] - NOT_RUN: setText(findTestObject("Add Receipt/Page_Payment Receipt/input__initials"), "Himangi")

2019-06-27 12:52:50 - [TEST_STEP][PASSED] - setText(findTestObject("Add Receipt/Page_Payment Receipt/input__amount"), "34"): Text '34' is set on object 'Object Repository/Add Receipt/Page_Payment Receipt/input__amount'

2019-06-27 12:52:50 - [MESSAGE][PASSED] - Text '34' is set on object 'Object Repository/Add Receipt/Page_Payment Receipt/input__amount'

2019-06-27 12:52:50 - [TEST_STEP][PASSED] - setText(findTestObject("Add Receipt/Page_Payment Receipt/input__bank_name"), "DBS Bank"): Text 'DBS Bank' is set on object 'Object Repository/Add Receipt/Page_Payment Receipt/input__bank_name'

2019-06-27 12:52:50 - [MESSAGE][PASSED] - Text 'DBS Bank' is set on object 'Object Repository/Add Receipt/Page_Payment Receipt/input__bank_name'

2019-06-27 12:52:50 - [TEST_STEP][PASSED] - delay(5): Delayed 5 second(s)

2019-06-27 12:52:55 - [MESSAGE][PASSED] - Delayed 5 second(s)

2019-06-27 12:52:55 - [TEST_STEP][NOT_RUN] - uploadFile(findTestObject("UploadFile/Page_Payment Receipt/input_Upload Receipt_receipt"), "C:\Users\Ranosys\Downloads\ATM Receipt.jpg"): NOT_RUN: uploadFile(findTestObject("UploadFile/Page_Payment Receipt/input_Upload Receipt_receipt"), "C:\Users\Ranosys\Downloads\ATM Receipt.jpg")

2019-06-27 12:52:55 - [MESSAGE][NOT_RUN] - NOT_RUN: uploadFile(findTestObject("UploadFile/Page_Payment Receipt/input_Upload Receipt_receipt"), "C:\Users\Ranosys\Downloads\ATM Receipt.jpg")

2019-06-27 12:52:55 - [TEST_STEP][PASSED] - uploadfile.uploadFile(findTestObject("UploadFile/Page_Payment Receipt/input_Upload Receipt_receipt"), "D:\ATM Receipt.jpg"): uploadfile.uploadFile is PASSED

2019-06-27 12:52:55 - [MESSAGE][PASSED] - Object: 'Object Repository/UploadFile/Page_Payment Receipt/input_Upload Receipt_receipt' is clicked on

2019-06-27 12:52:56 - [MESSAGE][PASSED] - uploadfile.uploadFile is PASSED

2019-06-27 12:52:56 - [TEST_STEP][PASSED] - delay(5): Delayed 5 second(s)

2019-06-27 12:53:01 - [MESSAGE][PASSED] - Delayed 5 second(s)

2019-06-27 12:53:01 - [TEST_STEP][PASSED] - click(findTestObject("Add Receipt/Page_Payment Receipt/button_Submit")): Object: 'Object Repository/Add Receipt/Page_Payment Receipt/button_Submit' is clicked on

2019-06-27 12:53:13 - [MESSAGE][PASSED] - Object: 'Object Repository/Add Receipt/Page_Payment Receipt/button_Submit' is clicked on

2019-06-27 12:53:13 - [TEST_STEP][PASSED] - delay(10): Delayed 10 second(s)

2019-06-27 12:53:23 - [MESSAGE][PASSED] - Delayed 10 second(s)

2019-06-27 12:53:23 - [TEST_STEP][PASSED] - click(findTestObject("Object Repository/add to cart/Page_Welcome to The Thread Theory  The Thread Theory/span_Start shopping now _login-icon")): Object: 'Object Repository/add to cart/Page_Welcome to The Thread Theory  The Thread Theory/span_Start shopping now _login-icon' is clicked on

2019-06-27 12:53:23 - [MESSAGE][PASSED] - Object: 'Object Repository/add to cart/Page_Welcome to The Thread Theory  The Thread Theory/span_Start shopping now _login-icon' is clicked on

2019-06-27 12:53:23 - [TEST_STEP][PASSED] - click(findTestObject("My Order/Page_Welcome to The Thread Theory  The Thread Theory/a_Logout")): Object: 'Object Repository/My Order/Page_Welcome to The Thread Theory  The Thread Theory/a_Logout' is clicked on

2019-06-27 12:53:34 - [MESSAGE][PASSED] - Object: 'Object Repository/My Order/Page_Welcome to The Thread Theory  The Thread Theory/a_Logout' is clicked on

2019-06-27 12:53:34 - [TEST_STEP][PASSED] - delay(10): Delayed 10 second(s)

2019-06-27 12:53:44 - [MESSAGE][PASSED] - Delayed 10 second(s)

2019-06-27 12:53:44 - [TEST_STEP][PASSED] - closeBrowser(): Browser is closed

2019-06-27 12:53:44 - [MESSAGE][PASSED] - Browser is closed]]></system-out>
         <system-err><![CDATA[]]></system-err>
      </testcase>
      <system-out><![CDATA[2019-06-27 12:50:32 - [TEST_SUITE][PASSED] - Add Receipt of ATM: Test Cases/Add Receipt ATM]]></system-out>
      <system-err><![CDATA[]]></system-err>
   </testsuite>
</testsuites>
